2022-01-15 01:21:09.694  INFO 564 --- [main] lavalink.server.Launcher                 : 

[32m       .  [31m _                  _ _       _    [32m__ _ _
[32m      /\\ [31m| | __ ___   ____ _| (_)_ __ | | __[32m\ \ \ \
[32m     ( ( )[31m| |/ _` \ \ / / _` | | | '_ \| |/ /[32m \ \ \ \
[32m      \\/ [31m| | (_| |\ V / (_| | | | | | |   < [32m  ) ) ) )
[32m       '  [31m|_|\__,_| \_/ \__,_|_|_|_| |_|_|\_\[32m / / / /
[0m    =========================================[32m/_/_/_/[0m

	Version:        3.4
	Build:          1257
	Build time:     26.10.2021 14:18:37 UTC
	Branch          master
	Commit:         a364833
	Commit time:    26.10.2021 14:15:20 UTC
	JVM:            16.0.2
	Lavaplayer      1.3.96-original

2022-01-15 01:21:09.786  INFO 564 --- [main] o.s.boot.SpringApplication               : 
  .   ____          _            __ _ _
 /\\ / ___'_ __ _ _(_)_ __  __ _ \ \ \ \
( ( )\___ | '_ | '_| | '_ \/ _` | \ \ \ \
 \\/  ___)| |_)| | | | | || (_| |  ) ) ) )
  '  |____| .__|_| |_|_| |_\__, | / / / /
 =========|_|==============|___/=/_/_/_/
 :: Spring Boot ::        (v2.1.8.RELEASE)


2022-01-15 01:21:09.885  INFO 564 --- [main] lavalink.server.Launcher                 : Starting Launcher on Bruno-PC with PID 564 (D:\Projetos\GitHub Desktop Repositories\discord_bot\botzao\Lavalink.jar started by Bruno in D:\Projetos\GitHub Desktop Repositories\discord_bot\botzao)
2022-01-15 01:21:09.886  INFO 564 --- [main] lavalink.server.Launcher                 : No active profile set, falling back to default profiles: default
2022-01-15 01:21:09.940  WARN 564 --- [background-preinit] o.s.h.c.j.Jackson2ObjectMapperBuilder    : For Jackson Kotlin classes support please add "com.fasterxml.jackson.module:jackson-module-kotlin" to the classpath
2022-01-15 01:21:11.628  WARN 564 --- [main] io.undertow.websockets.jsr               : UT026010: Buffer pool was not set on WebSocketDeploymentInfo, the default pool will be used
2022-01-15 01:21:11.698  INFO 564 --- [main] io.undertow.servlet                      : Initializing Spring embedded WebApplicationContext
2022-01-15 01:21:11.702  INFO 564 --- [main] o.s.web.context.ContextLoader            : Root WebApplicationContext: initialization completed in 1747 ms
2022-01-15 01:21:12.549  WARN 564 --- [main] l.server.config.SentryConfiguration      : Turning off sentry
2022-01-15 01:21:12.924  INFO 564 --- [main] c.s.d.l.tools.GarbageCollectionMonitor   : GC monitoring enabled, reporting results every 2 minutes.
2022-01-15 01:21:13.117  INFO 564 --- [main] lavalink.server.config.KoeConfiguration  : OS: Windows 10, Arch: amd64
2022-01-15 01:21:13.118  WARN 564 --- [main] lavalink.server.config.KoeConfiguration  : This system and architecture appears to not support native audio sending! GC pauses may cause your bot to stutter during playback.
2022-01-15 01:21:13.377  INFO 564 --- [main] o.s.s.concurrent.ThreadPoolTaskExecutor  : Initializing ExecutorService 'applicationTaskExecutor'
2022-01-15 01:21:13.810  INFO 564 --- [main] org.xnio                                 : XNIO version 3.3.8.Final
2022-01-15 01:21:13.828  INFO 564 --- [main] org.xnio.nio                             : XNIO NIO Implementation Version 3.3.8.Final
2022-01-15 01:21:13.928  INFO 564 --- [main] o.s.b.w.e.u.UndertowServletWebServer     : Undertow started on port(s) 2333 (http) with context path ''
2022-01-15 01:21:13.933  INFO 564 --- [main] lavalink.server.Launcher                 : Started Launcher in 4.787 seconds (JVM running for 5.478)
2022-01-15 01:21:13.934  INFO 564 --- [main] lavalink.server.Launcher                 : You can safely ignore the big red warning about illegal reflection. See https://github.com/freyacodes/Lavalink/issues/295
2022-01-15 01:21:34.744  INFO 564 --- [XNIO-1 task-1] io.undertow.servlet                      : Initializing Spring DispatcherServlet 'dispatcherServlet'
2022-01-15 01:21:34.745  INFO 564 --- [XNIO-1 task-1] o.s.web.servlet.DispatcherServlet        : Initializing Servlet 'dispatcherServlet'
2022-01-15 01:21:34.757  INFO 564 --- [XNIO-1 task-1] o.s.web.servlet.DispatcherServlet        : Completed initialization in 12 ms
2022-01-15 01:21:34.784  INFO 564 --- [XNIO-1 task-1] l.server.io.HandshakeInterceptorImpl     : Incoming connection from /127.0.0.1:63907
2022-01-15 01:21:34.853  INFO 564 --- [XNIO-1 task-1] lavalink.server.io.SocketServer          : Connection successfully established
2022-01-15 01:21:34.854  WARN 564 --- [XNIO-1 task-1] lavalink.server.io.SocketServer          : Library developers: Please specify a 'Client-Name' header. User agent: Dart/2.15 (dart:io)
2022-01-15 01:21:55.673  INFO 564 --- [XNIO-1 I/O-3] lavalink.server.io.SocketServer          : {"op":"voiceUpdate","guildId":"449043857351507968","sessionId":"651bedf3852ac76449ec7b112889595e","event":{"token":"1703c45587f04345","endpoint":"brazil9550.discord.media:443","guildId":"449043857351507968"}}
2022-01-15 01:22:17.677  INFO 564 --- [XNIO-1 task-2] l.server.player.AudioLoaderRestHandler   : Got request to load for identifier "!queue teste"
2022-01-15 01:22:17.680  INFO 564 --- [lava-daemon-pool-info-loader-2-thread-1] lavalink.server.player.AudioLoader       : No matches found
2022-01-15 01:23:03.165  INFO 564 --- [XNIO-1 task-4] l.server.io.HandshakeInterceptorImpl     : Incoming connection from /127.0.0.1:63925
2022-01-15 01:23:03.171  INFO 564 --- [XNIO-1 task-4] lavalink.server.io.SocketServer          : Connection successfully established
2022-01-15 01:23:03.172  WARN 564 --- [XNIO-1 task-4] lavalink.server.io.SocketServer          : Library developers: Please specify a 'Client-Name' header. User agent: Dart/2.15 (dart:io)
2022-01-15 01:23:15.831  INFO 564 --- [XNIO-1 I/O-1] lavalink.server.io.SocketServer          : Connection closed from /127.0.0.1:63925 -- CloseStatus[code=1000, reason=]
2022-01-15 01:23:15.846  INFO 564 --- [XNIO-1 I/O-1] lavalink.server.io.SocketContext         : Shutting down 0 playing players.
2022-01-15 01:23:16.151  INFO 564 --- [XNIO-1 task-5] l.server.io.HandshakeInterceptorImpl     : Incoming connection from /127.0.0.1:63931
2022-01-15 01:23:16.154  INFO 564 --- [XNIO-1 task-5] lavalink.server.io.SocketServer          : Connection successfully established
2022-01-15 01:23:16.155  WARN 564 --- [XNIO-1 task-5] lavalink.server.io.SocketServer          : Library developers: Please specify a 'Client-Name' header. User agent: Dart/2.15 (dart:io)
2022-01-15 01:23:57.807  INFO 564 --- [XNIO-1 task-6] l.server.player.AudioLoaderRestHandler   : Got request to load for identifier "!queue teste"
2022-01-15 01:23:57.808  INFO 564 --- [lava-daemon-pool-info-loader-2-thread-1] lavalink.server.player.AudioLoader       : No matches found
2022-01-15 01:24:15.015  INFO 564 --- [XNIO-1 task-8] l.server.io.HandshakeInterceptorImpl     : Incoming connection from /127.0.0.1:63942
2022-01-15 01:24:15.019  INFO 564 --- [XNIO-1 task-8] lavalink.server.io.SocketServer          : Connection successfully established
2022-01-15 01:24:15.019  WARN 564 --- [XNIO-1 task-8] lavalink.server.io.SocketServer          : Library developers: Please specify a 'Client-Name' header. User agent: Dart/2.15 (dart:io)
2022-01-15 01:24:23.939  INFO 564 --- [XNIO-1 task-9] l.server.player.AudioLoaderRestHandler   : Got request to load for identifier "!queue 1"
2022-01-15 01:24:23.940  INFO 564 --- [lava-daemon-pool-info-loader-2-thread-1] lavalink.server.player.AudioLoader       : No matches found
2022-01-15 01:26:16.969  INFO 564 --- [XNIO-1 task-11] l.server.io.HandshakeInterceptorImpl     : Incoming connection from /127.0.0.1:63989
2022-01-15 01:26:16.973  INFO 564 --- [XNIO-1 task-11] lavalink.server.io.SocketServer          : Connection successfully established
2022-01-15 01:26:16.973  WARN 564 --- [XNIO-1 task-11] lavalink.server.io.SocketServer          : Library developers: Please specify a 'Client-Name' header. User agent: Dart/2.15 (dart:io)
2022-01-15 01:26:45.259  INFO 564 --- [XNIO-1 task-12] l.server.io.HandshakeInterceptorImpl     : Incoming connection from /127.0.0.1:64013
2022-01-15 01:26:45.264  INFO 564 --- [XNIO-1 task-12] lavalink.server.io.SocketServer          : Connection successfully established
2022-01-15 01:26:45.264  WARN 564 --- [XNIO-1 task-12] lavalink.server.io.SocketServer          : Library developers: Please specify a 'Client-Name' header. User agent: Dart/2.15 (dart:io)
2022-01-15 01:27:47.155  INFO 564 --- [XNIO-1 task-13] l.server.player.AudioLoaderRestHandler   : Got request to load for identifier "!play teste"
2022-01-15 01:27:47.156  INFO 564 --- [lava-daemon-pool-info-loader-2-thread-1] lavalink.server.player.AudioLoader       : No matches found
2022-01-15 01:28:08.874  INFO 564 --- [XNIO-1 task-15] l.server.io.HandshakeInterceptorImpl     : Incoming connection from /127.0.0.1:64058
2022-01-15 01:28:08.879  INFO 564 --- [XNIO-1 task-15] lavalink.server.io.SocketServer          : Connection successfully established
2022-01-15 01:28:08.879  WARN 564 --- [XNIO-1 task-15] lavalink.server.io.SocketServer          : Library developers: Please specify a 'Client-Name' header. User agent: Dart/2.15 (dart:io)
2022-01-15 20:50:36.565  INFO 17288 --- [main] lavalink.server.Launcher                 : 

[32m       .  [31m _                  _ _       _    [32m__ _ _
[32m      /\\ [31m| | __ ___   ____ _| (_)_ __ | | __[32m\ \ \ \
[32m     ( ( )[31m| |/ _` \ \ / / _` | | | '_ \| |/ /[32m \ \ \ \
[32m      \\/ [31m| | (_| |\ V / (_| | | | | | |   < [32m  ) ) ) )
[32m       '  [31m|_|\__,_| \_/ \__,_|_|_|_| |_|_|\_\[32m / / / /
[0m    =========================================[32m/_/_/_/[0m

	Version:        3.4
	Build:          1257
	Build time:     26.10.2021 14:18:37 UTC
	Branch          master
	Commit:         a364833
	Commit time:    26.10.2021 14:15:20 UTC
	JVM:            16.0.2
	Lavaplayer      1.3.96-original

2022-01-15 20:50:36.610  INFO 17288 --- [main] o.s.boot.SpringApplication               : 
  .   ____          _            __ _ _
 /\\ / ___'_ __ _ _(_)_ __  __ _ \ \ \ \
( ( )\___ | '_ | '_| | '_ \/ _` | \ \ \ \
 \\/  ___)| |_)| | | | | || (_| |  ) ) ) )
  '  |____| .__|_| |_|_| |_\__, | / / / /
 =========|_|==============|___/=/_/_/_/
 :: Spring Boot ::        (v2.1.8.RELEASE)


2022-01-15 20:50:36.727  INFO 17288 --- [main] lavalink.server.Launcher                 : Starting Launcher on Bruno-PC with PID 17288 (D:\Projetos\GitHub Desktop Repositories\discord_bot\botzao\Lavalink.jar started by Bruno in D:\Projetos\GitHub Desktop Repositories\discord_bot\botzao)
2022-01-15 20:50:36.728  INFO 17288 --- [main] lavalink.server.Launcher                 : No active profile set, falling back to default profiles: default
2022-01-15 20:50:36.836  WARN 17288 --- [background-preinit] o.s.h.c.j.Jackson2ObjectMapperBuilder    : For Jackson Kotlin classes support please add "com.fasterxml.jackson.module:jackson-module-kotlin" to the classpath
2022-01-15 20:50:38.053  WARN 17288 --- [main] io.undertow.websockets.jsr               : UT026010: Buffer pool was not set on WebSocketDeploymentInfo, the default pool will be used
2022-01-15 20:50:38.093  INFO 17288 --- [main] io.undertow.servlet                      : Initializing Spring embedded WebApplicationContext
2022-01-15 20:50:38.097  INFO 17288 --- [main] o.s.web.context.ContextLoader            : Root WebApplicationContext: initialization completed in 1275 ms
2022-01-15 20:50:38.466  WARN 17288 --- [main] l.server.config.SentryConfiguration      : Turning off sentry
2022-01-15 20:50:38.835  INFO 17288 --- [main] c.s.d.l.tools.GarbageCollectionMonitor   : GC monitoring enabled, reporting results every 2 minutes.
2022-01-15 20:50:39.072  INFO 17288 --- [main] lavalink.server.config.KoeConfiguration  : OS: Windows 10, Arch: amd64
2022-01-15 20:50:39.072  WARN 17288 --- [main] lavalink.server.config.KoeConfiguration  : This system and architecture appears to not support native audio sending! GC pauses may cause your bot to stutter during playback.
2022-01-15 20:50:39.296  INFO 17288 --- [main] o.s.s.concurrent.ThreadPoolTaskExecutor  : Initializing ExecutorService 'applicationTaskExecutor'
2022-01-15 20:50:39.611  INFO 17288 --- [main] org.xnio                                 : XNIO version 3.3.8.Final
2022-01-15 20:50:39.620  INFO 17288 --- [main] org.xnio.nio                             : XNIO NIO Implementation Version 3.3.8.Final
2022-01-15 20:50:39.704  INFO 17288 --- [main] o.s.b.w.e.u.UndertowServletWebServer     : Undertow started on port(s) 2333 (http) with context path ''
2022-01-15 20:50:39.708  INFO 17288 --- [main] lavalink.server.Launcher                 : Started Launcher in 3.679 seconds (JVM running for 4.066)
2022-01-15 20:50:39.710  INFO 17288 --- [main] lavalink.server.Launcher                 : You can safely ignore the big red warning about illegal reflection. See https://github.com/freyacodes/Lavalink/issues/295
2022-01-15 20:50:56.044  INFO 17288 --- [XNIO-1 task-1] io.undertow.servlet                      : Initializing Spring DispatcherServlet 'dispatcherServlet'
2022-01-15 20:50:56.045  INFO 17288 --- [XNIO-1 task-1] o.s.web.servlet.DispatcherServlet        : Initializing Servlet 'dispatcherServlet'
2022-01-15 20:50:56.056  INFO 17288 --- [XNIO-1 task-1] o.s.web.servlet.DispatcherServlet        : Completed initialization in 10 ms
2022-01-15 20:50:56.136  INFO 17288 --- [XNIO-1 task-1] l.server.io.HandshakeInterceptorImpl     : Incoming connection from /127.0.0.1:55588
2022-01-15 20:50:56.272  INFO 17288 --- [XNIO-1 task-1] lavalink.server.io.SocketServer          : Connection successfully established
2022-01-15 20:50:56.273  WARN 17288 --- [XNIO-1 task-1] lavalink.server.io.SocketServer          : Library developers: Please specify a 'Client-Name' header. User agent: Dart/2.15 (dart:io)
2022-01-15 20:51:10.689  INFO 17288 --- [XNIO-1 I/O-4] lavalink.server.io.SocketServer          : {"op":"voiceUpdate","guildId":"449043857351507968","sessionId":"4e8da699d2e7c3e939ee5b3bc4925429","event":{"token":"ad25a32cea5caed0","endpoint":"buenos-aires3632.discord.media:443","guildId":"449043857351507968"}}
2022-01-15 20:51:47.985  INFO 17288 --- [XNIO-1 task-2] l.server.player.AudioLoaderRestHandler   : Got request to load for identifier "!teste"
2022-01-15 20:51:47.989  INFO 17288 --- [lava-daemon-pool-info-loader-2-thread-1] lavalink.server.player.AudioLoader       : No matches found
